[main] INFO  AbstractTest  - ---TC_Add Product_01_Success---
[main] INFO  AddProductOnSellerPageObject  - Closed banner popup
[main] INFO  AddProductOnSellerPageObject  - Scroll Left Menu
[main] INFO  AddProductOnSellerPageObject  - Click link Product
[main] INFO  AddProductOnSellerPageObject  - Click link Add Product
[main] INFO  AddProductOnSellerPageObject  - Closed product popup
[main] INFO  AddProductOnSellerPageObject  - Click Upload Image
[main] INFO  AddProductOnSellerPageObject  - Click Add File
[main] INFO  AddProductOnSellerPageObject  - Select a photo from computer
[main] INFO  AddProductOnSellerPageObject  - Verify file upload success
[main] INFO  AddProductOnSellerPageObject  - Click close popup upload image
[main] INFO  AddProductOnSellerPageObject  - Wait upload popup disappear
[main] INFO  AddProductOnSellerPageObject  - Click button choose Category
[main] INFO  AddProductOnSellerPageObject  - Click choose category level 1
[main] INFO  AddProductOnSellerPageObject  - Click choose category level 2
[main] INFO  AddProductOnSellerPageObject  - Click choose category level 3
[main] INFO  AddProductOnSellerPageObject  - Enter Product Name Đầm xòe thời trang into textbox
[main] INFO  AddProductOnSellerPageObject  - Enter Product Code ProductCode0.004234402875053389 into textbox
[main] INFO  AddProductOnSellerPageObject  - Check product type
[main] INFO  AddProductOnSellerPageObject  - Select item from dropdown
[main] INFO  AddProductOnSellerPageObject  - Enter Product Code 150 into textbox
[main] INFO  AddProductOnSellerPageObject  - Check carrier package
[main] INFO  AddProductOnSellerPageObject  - Scroll Down Add Product
[main] INFO  AddProductOnSellerPageObject  - Select item from dropdown
[main] INFO  AddProductOnSellerPageObject  - Click Colour
[main] INFO  AddProductOnSellerPageObject  - Select Colour
[main] INFO  AddProductOnSellerPageObject  - Scroll Down Add Product
[main] INFO  AddProductOnSellerPageObject  - Enter Price 500000 into textbox
